  GameBoard.cpp
C:\Users\damie\source\repos\Tetris\Tetris\GameBoard.cpp(34,25): warning C4838: conversion from 'int' to 'float' requires a narrowing conversion
C:\Users\damie\source\repos\Tetris\Tetris\GameBoard.cpp(34,25): warning C4244: 'initializing': conversion from 'int' to 'float', possible loss of data
C:\Users\damie\source\repos\Tetris\Tetris\GameBoard.cpp(34,36): warning C4838: conversion from 'int' to 'float' requires a narrowing conversion
C:\Users\damie\source\repos\Tetris\Tetris\GameBoard.cpp(34,36): warning C4244: 'initializing': conversion from 'int' to 'float', possible loss of data
C:\Users\damie\source\repos\Tetris\Tetris\GameBoard.cpp(50,24): warning C4838: conversion from 'int' to 'float' requires a narrowing conversion
C:\Users\damie\source\repos\Tetris\Tetris\GameBoard.cpp(50,24): warning C4244: 'initializing': conversion from 'int' to 'float', possible loss of data
C:\Users\damie\source\repos\Tetris\Tetris\GameBoard.cpp(50,33): warning C4838: conversion from 'int' to 'float' requires a narrowing conversion
C:\Users\damie\source\repos\Tetris\Tetris\GameBoard.cpp(50,33): warning C4244: 'initializing': conversion from 'int' to 'float', possible loss of data
C:\Users\damie\source\repos\Tetris\Tetris\GameBoard.cpp(53,84): warning C4244: 'argument': conversion from 'float' to 'int', possible loss of data
C:\Users\damie\source\repos\Tetris\Tetris\GameBoard.cpp(53,44): warning C4244: 'argument': conversion from 'float' to 'int', possible loss of data
C:\Users\damie\source\repos\Tetris\Tetris\GameBoard.cpp(139,38): warning C4244: 'argument': conversion from 'float' to 'int', possible loss of data
C:\Users\damie\source\repos\Tetris\Tetris\GameBoard.cpp(139,28): warning C4244: 'argument': conversion from 'float' to 'int', possible loss of data
C:\Users\damie\source\repos\Tetris\Tetris\GameBoard.cpp(165,38): warning C4244: 'argument': conversion from 'float' to 'int', possible loss of data
C:\Users\damie\source\repos\Tetris\Tetris\GameBoard.cpp(165,28): warning C4244: 'argument': conversion from 'float' to 'int', possible loss of data
C:\Users\damie\source\repos\Tetris\Tetris\GameBoard.cpp(188,38): warning C4244: 'argument': conversion from 'float' to 'int', possible loss of data
C:\Users\damie\source\repos\Tetris\Tetris\GameBoard.cpp(188,28): warning C4244: 'argument': conversion from 'float' to 'int', possible loss of data
C:\Users\damie\source\repos\Tetris\Tetris\GameBoard.cpp(241,34): warning C4244: 'argument': conversion from 'float' to 'int', possible loss of data
C:\Users\damie\source\repos\Tetris\Tetris\GameBoard.cpp(241,24): warning C4244: 'argument': conversion from 'float' to 'int', possible loss of data
  piece.cpp
C:\Users\damie\source\repos\Tetris\Tetris\piece.cpp(27,19): warning C4244: '=': conversion from 'int' to 'float', possible loss of data
C:\Users\damie\source\repos\Tetris\Tetris\piece.cpp(29,20): warning C4244: '=': conversion from 'int' to 'float', possible loss of data
C:\Users\damie\source\repos\Tetris\Tetris\piece.cpp(31,20): warning C4244: '=': conversion from 'int' to 'float', possible loss of data
C:\Users\damie\source\repos\Tetris\Tetris\piece.cpp(36,19): warning C4244: '=': conversion from 'int' to 'float', possible loss of data
C:\Users\damie\source\repos\Tetris\Tetris\piece.cpp(37,19): warning C4244: '=': conversion from 'int' to 'float', possible loss of data
C:\Users\damie\source\repos\Tetris\Tetris\piece.cpp(38,19): warning C4244: '=': conversion from 'int' to 'float', possible loss of data
C:\Users\damie\source\repos\Tetris\Tetris\piece.cpp(39,21): warning C4244: '=': conversion from 'int' to 'float', possible loss of data
C:\Users\damie\source\repos\Tetris\Tetris\piece.cpp(40,19): warning C4244: '=': conversion from 'int' to 'float', possible loss of data
C:\Users\damie\source\repos\Tetris\Tetris\piece.cpp(43,19): warning C4244: '=': conversion from 'int' to 'float', possible loss of data
C:\Users\damie\source\repos\Tetris\Tetris\piece.cpp(45,21): warning C4244: '=': conversion from 'int' to 'float', possible loss of data
C:\Users\damie\source\repos\Tetris\Tetris\piece.cpp(47,21): warning C4244: '=': conversion from 'int' to 'float', possible loss of data
C:\Users\damie\source\repos\Tetris\Tetris\piece.cpp(48,19): warning C4244: '=': conversion from 'int' to 'float', possible loss of data
C:\Users\damie\source\repos\Tetris\Tetris\piece.cpp(51,19): warning C4244: '=': conversion from 'int' to 'float', possible loss of data
C:\Users\damie\source\repos\Tetris\Tetris\piece.cpp(54,19): warning C4244: '=': conversion from 'int' to 'float', possible loss of data
C:\Users\damie\source\repos\Tetris\Tetris\piece.cpp(55,19): warning C4244: '=': conversion from 'int' to 'float', possible loss of data
C:\Users\damie\source\repos\Tetris\Tetris\piece.cpp(56,19): warning C4244: '=': conversion from 'int' to 'float', possible loss of data
C:\Users\damie\source\repos\Tetris\Tetris\piece.cpp(59,19): warning C4244: '=': conversion from 'int' to 'float', possible loss of data
C:\Users\damie\source\repos\Tetris\Tetris\piece.cpp(61,19): warning C4244: '=': conversion from 'int' to 'float', possible loss of data
C:\Users\damie\source\repos\Tetris\Tetris\piece.cpp(62,19): warning C4244: '=': conversion from 'int' to 'float', possible loss of data
C:\Users\damie\source\repos\Tetris\Tetris\piece.cpp(63,21): warning C4244: '=': conversion from 'int' to 'float', possible loss of data
C:\Users\damie\source\repos\Tetris\Tetris\piece.cpp(64,19): warning C4244: '=': conversion from 'int' to 'float', possible loss of data
C:\Users\damie\source\repos\Tetris\Tetris\piece.cpp(67,19): warning C4244: '=': conversion from 'int' to 'float', possible loss of data
C:\Users\damie\source\repos\Tetris\Tetris\piece.cpp(68,19): warning C4244: '=': conversion from 'int' to 'float', possible loss of data
C:\Users\damie\source\repos\Tetris\Tetris\piece.cpp(69,19): warning C4244: '=': conversion from 'int' to 'float', possible loss of data
C:\Users\damie\source\repos\Tetris\Tetris\piece.cpp(71,21): warning C4244: '=': conversion from 'int' to 'float', possible loss of data
C:\Users\damie\source\repos\Tetris\Tetris\piece.cpp(75,19): warning C4244: '=': conversion from 'int' to 'float', possible loss of data
C:\Users\damie\source\repos\Tetris\Tetris\piece.cpp(77,19): warning C4244: '=': conversion from 'int' to 'float', possible loss of data
C:\Users\damie\source\repos\Tetris\Tetris\piece.cpp(78,19): warning C4244: '=': conversion from 'int' to 'float', possible loss of data
C:\Users\damie\source\repos\Tetris\Tetris\piece.cpp(79,21): warning C4244: '=': conversion from 'int' to 'float', possible loss of data
C:\Users\damie\source\repos\Tetris\Tetris\piece.cpp(80,19): warning C4244: '=': conversion from 'int' to 'float', possible loss of data
C:\Users\damie\source\repos\Tetris\Tetris\piece.cpp(110,16): warning C4838: conversion from 'int' to 'float' requires a narrowing conversion
C:\Users\damie\source\repos\Tetris\Tetris\piece.cpp(110,16): warning C4244: 'initializing': conversion from 'int' to 'float', possible loss of data
C:\Users\damie\source\repos\Tetris\Tetris\piece.cpp(110,26): warning C4838: conversion from 'int' to 'float' requires a narrowing conversion
C:\Users\damie\source\repos\Tetris\Tetris\piece.cpp(110,26): warning C4244: 'initializing': conversion from 'int' to 'float', possible loss of data
C:\Users\damie\source\repos\Tetris\Tetris\piece.cpp(121,74): warning C4244: 'argument': conversion from 'int' to 'float', possible loss of data
C:\Users\damie\source\repos\Tetris\Tetris\piece.cpp(174,43): warning C4244: 'argument': conversion from 'int' to 'float', possible loss of data
  Source.cpp
C:\Users\damie\source\repos\Tetris\Tetris\Source.cpp(53,48): warning C4838: conversion from 'int' to 'float' requires a narrowing conversion
C:\Users\damie\source\repos\Tetris\Tetris\Source.cpp(53,48): warning C4244: 'initializing': conversion from 'int' to 'float', possible loss of data
C:\Users\damie\source\repos\Tetris\Tetris\Source.cpp(53,79): warning C4838: conversion from 'int' to 'float' requires a narrowing conversion
C:\Users\damie\source\repos\Tetris\Tetris\Source.cpp(53,79): warning C4244: 'initializing': conversion from 'int' to 'float', possible loss of data
C:\Users\damie\source\repos\Tetris\Tetris\Source.cpp(53,87): warning C4838: conversion from 'int' to 'float' requires a narrowing conversion
C:\Users\damie\source\repos\Tetris\Tetris\Source.cpp(53,87): warning C4244: 'initializing': conversion from 'int' to 'float', possible loss of data
C:\Users\damie\source\repos\Tetris\Tetris\Source.cpp(70,31): warning C4244: '=': conversion from 'double' to 'float', possible loss of data
C:\Users\damie\source\repos\Tetris\Tetris\Source.cpp(93,60): warning C4244: '+=': conversion from 'double' to 'int', possible loss of data
C:\Users\damie\source\repos\Tetris\Tetris\Source.cpp(105,31): warning C4244: '=': conversion from 'double' to 'float', possible loss of data
C:\Users\damie\source\repos\Tetris\Tetris\Source.cpp(129,60): warning C4244: 'argument': conversion from 'float' to 'int', possible loss of data
C:\Users\damie\source\repos\Tetris\Tetris\Source.cpp(129,41): warning C4244: 'argument': conversion from 'float' to 'int', possible loss of data
C:\Users\damie\source\repos\Tetris\Tetris\Source.cpp(130,80): warning C4244: 'argument': conversion from 'float' to 'int', possible loss of data
C:\Users\damie\source\repos\Tetris\Tetris\Source.cpp(130,61): warning C4244: 'argument': conversion from 'float' to 'int', possible loss of data
C:\Users\damie\source\repos\Tetris\Tetris\Source.cpp(133,58): warning C4244: 'argument': conversion from 'float' to 'int', possible loss of data
C:\Users\damie\source\repos\Tetris\Tetris\Source.cpp(133,39): warning C4244: 'argument': conversion from 'float' to 'int', possible loss of data
C:\Users\damie\source\repos\Tetris\Tetris\Source.cpp(134,62): warning C4244: 'argument': conversion from 'float' to 'int', possible loss of data
C:\Users\damie\source\repos\Tetris\Tetris\Source.cpp(134,41): warning C4244: 'argument': conversion from 'float' to 'int', possible loss of data
C:\Users\damie\source\repos\Tetris\Tetris\Source.cpp(135,59): warning C4244: 'argument': conversion from 'float' to 'int', possible loss of data
C:\Users\damie\source\repos\Tetris\Tetris\Source.cpp(135,40): warning C4244: 'argument': conversion from 'float' to 'int', possible loss of data
C:\Users\damie\source\repos\Tetris\Tetris\Source.cpp(136,63): warning C4244: 'argument': conversion from 'float' to 'int', possible loss of data
C:\Users\damie\source\repos\Tetris\Tetris\Source.cpp(136,42): warning C4244: 'argument': conversion from 'float' to 'int', possible loss of data
C:\Users\damie\source\repos\Tetris\Tetris\Source.cpp(137,58): warning C4244: 'argument': conversion from 'float' to 'int', possible loss of data
C:\Users\damie\source\repos\Tetris\Tetris\Source.cpp(137,39): warning C4244: 'argument': conversion from 'float' to 'int', possible loss of data
C:\Users\damie\source\repos\Tetris\Tetris\Source.cpp(138,62): warning C4244: 'argument': conversion from 'float' to 'int', possible loss of data
C:\Users\damie\source\repos\Tetris\Tetris\Source.cpp(138,41): warning C4244: 'argument': conversion from 'float' to 'int', possible loss of data
C:\Users\damie\source\repos\Tetris\Tetris\Source.cpp(139,54): warning C4244: 'argument': conversion from 'float' to 'int', possible loss of data
C:\Users\damie\source\repos\Tetris\Tetris\Source.cpp(139,35): warning C4244: 'argument': conversion from 'float' to 'int', possible loss of data
C:\Users\damie\source\repos\Tetris\Tetris\Source.cpp(140,60): warning C4244: 'argument': conversion from 'float' to 'int', possible loss of data
C:\Users\damie\source\repos\Tetris\Tetris\Source.cpp(140,38): warning C4244: 'argument': conversion from 'float' to 'int', possible loss of data
C:\Users\damie\source\repos\Tetris\Tetris\Source.cpp(225,38): warning C4838: conversion from 'int' to 'float' requires a narrowing conversion
C:\Users\damie\source\repos\Tetris\Tetris\Source.cpp(225,38): warning C4244: 'initializing': conversion from 'int' to 'float', possible loss of data
C:\Users\damie\source\repos\Tetris\Tetris\Source.cpp(256,43): warning C4244: 'argument': conversion from 'float' to 'int', possible loss of data
C:\Users\damie\source\repos\Tetris\Tetris\Source.cpp(256,28): warning C4244: 'argument': conversion from 'float' to 'int', possible loss of data
C:\Users\damie\source\repos\Tetris\Tetris\Source.cpp(260,104): warning C4244: 'argument': conversion from 'float' to 'int', possible loss of data
C:\Users\damie\source\repos\Tetris\Tetris\Source.cpp(260,69): warning C4244: 'argument': conversion from 'float' to 'int', possible loss of data
C:\Users\damie\source\repos\Tetris\Tetris\Source.cpp(262,139): warning C4244: 'argument': conversion from 'float' to 'int', possible loss of data
  Generating Code...
  Tetris.vcxproj -> C:\Users\damie\source\repos\Tetris\Debug\Tetris.exe
