  space_invader.cpp
C:\Users\damie\source\repos\Space Invader\Space Invader\space_invader.cpp(69,35): warning C4838: conversion from 'int' to 'float' requires a narrowing conversion
C:\Users\damie\source\repos\Space Invader\Space Invader\space_invader.cpp(69,35): warning C4244: 'initializing': conversion from 'int' to 'float', possible loss of data
C:\Users\damie\source\repos\Space Invader\Space Invader\space_invader.cpp(69,54): warning C4838: conversion from 'int' to 'float' requires a narrowing conversion
C:\Users\damie\source\repos\Space Invader\Space Invader\space_invader.cpp(69,54): warning C4244: 'initializing': conversion from 'int' to 'float', possible loss of data
C:\Users\damie\source\repos\Space Invader\Space Invader\space_invader.cpp(72,40): warning C4838: conversion from 'int' to 'float' requires a narrowing conversion
C:\Users\damie\source\repos\Space Invader\Space Invader\space_invader.cpp(72,40): warning C4244: 'initializing': conversion from 'int' to 'float', possible loss of data
C:\Users\damie\source\repos\Space Invader\Space Invader\space_invader.cpp(86,41): warning C4838: conversion from 'int' to 'float' requires a narrowing conversion
C:\Users\damie\source\repos\Space Invader\Space Invader\space_invader.cpp(86,41): warning C4244: 'initializing': conversion from 'int' to 'float', possible loss of data
C:\Users\damie\source\repos\Space Invader\Space Invader\space_invader.cpp(86,63): warning C4838: conversion from 'int' to 'float' requires a narrowing conversion
C:\Users\damie\source\repos\Space Invader\Space Invader\space_invader.cpp(86,63): warning C4244: 'initializing': conversion from 'int' to 'float', possible loss of data
C:\Users\damie\source\repos\Space Invader\Space Invader\space_invader.cpp(87,45): warning C4838: conversion from 'int' to 'float' requires a narrowing conversion
C:\Users\damie\source\repos\Space Invader\Space Invader\space_invader.cpp(87,45): warning C4244: 'initializing': conversion from 'int' to 'float', possible loss of data
C:\Users\damie\source\repos\Space Invader\Space Invader\space_invader.cpp(87,70): warning C4838: conversion from 'int' to 'float' requires a narrowing conversion
C:\Users\damie\source\repos\Space Invader\Space Invader\space_invader.cpp(87,70): warning C4244: 'initializing': conversion from 'int' to 'float', possible loss of data
C:\Users\damie\source\repos\Space Invader\Space Invader\space_invader.cpp(133,62): warning C4244: 'argument': conversion from 'float' to 'int', possible loss of data
C:\Users\damie\source\repos\Space Invader\Space Invader\space_invader.cpp(134,32): warning C4244: '=': conversion from 'double' to 'float', possible loss of data
C:\Users\damie\source\repos\Space Invader\Space Invader\space_invader.cpp(178,82): warning C4244: 'argument': conversion from 'float' to 'int', possible loss of data
C:\Users\damie\source\repos\Space Invader\Space Invader\space_invader.cpp(179,33): warning C4244: '=': conversion from 'double' to 'float', possible loss of data
C:\Users\damie\source\repos\Space Invader\Space Invader\space_invader.cpp(213,34): warning C4244: '=': conversion from 'int' to 'float', possible loss of data
  Space Invader.vcxproj -> C:\Users\damie\source\repos\Space Invader\Debug\Space Invader.exe
